[16:08:25] [main/INFO]: Using mbed TLS based native cipher.
[16:08:25] [main/INFO]: Using zlib based native compressor.
[16:08:25] [main/INFO]: Enabled Waterfall version git:Waterfall-Bootstrap:1.19-R0.1-SNAPSHOT:f6069e2:513
[16:08:25] [main/INFO]: Not on Windows, attempting to use enhanced EpollEventLoop
[16:08:25] [main/INFO]: Epoll is working, utilising it!
[16:08:25] [main/INFO]: Discovered module: ModuleSpec(name=cmd_alert, file=modules/cmd_alert.jar, provider=JenkinsModuleSource())
[16:08:25] [main/INFO]: Discovered module: ModuleSpec(name=cmd_find, file=modules/cmd_find.jar, provider=JenkinsModuleSource())
[16:08:25] [main/INFO]: Discovered module: ModuleSpec(name=cmd_list, file=modules/cmd_list.jar, provider=JenkinsModuleSource())
[16:08:25] [main/INFO]: Discovered module: ModuleSpec(name=cmd_send, file=modules/cmd_send.jar, provider=JenkinsModuleSource())
[16:08:25] [main/INFO]: Discovered module: ModuleSpec(name=cmd_server, file=modules/cmd_server.jar, provider=JenkinsModuleSource())
[16:08:25] [main/INFO]: Discovered module: ModuleSpec(name=reconnect_yaml, file=modules/reconnect_yaml.jar, provider=JenkinsModuleSource())
[16:08:25] [main/INFO]: Loaded plugin reconnect_yaml version git:reconnect_yaml:1.19-R0.1-SNAPSHOT:f6069e2:513 by WaterfallMC
[16:08:25] [main/INFO]: Loaded plugin cmd_find version git:cmd_find:1.19-R0.1-SNAPSHOT:f6069e2:513 by WaterfallMC
[16:08:25] [main/INFO]: Loaded plugin cmd_server version git:cmd_server:1.19-R0.1-SNAPSHOT:f6069e2:513 by WaterfallMC
[16:08:25] [main/INFO]: Loaded plugin cmd_alert version git:cmd_alert:1.19-R0.1-SNAPSHOT:f6069e2:513 by WaterfallMC
[16:08:25] [main/INFO]: Loaded plugin cmd_send version git:cmd_send:1.19-R0.1-SNAPSHOT:f6069e2:513 by WaterfallMC
[16:08:25] [main/INFO]: Loaded plugin cmd_list version git:cmd_list:1.19-R0.1-SNAPSHOT:f6069e2:513 by WaterfallMC
[16:08:25] [main/WARN]: :>:>:>:>:>:>:>:>:>:>:>:>:>:>:>:>:>:>:>:>:>:>:>
[16:08:25] [main/WARN]: :>  
[16:08:25] [main/WARN]: :>      EAGLERCRAFTXBUNGEE WARNING:
[16:08:25] [main/WARN]: :>  
[16:08:25] [main/WARN]: :>  This plugin wasn't tested to be 'working'
[16:08:25] [main/WARN]: :>  with ANY version of BungeeCord (and forks)
[16:08:25] [main/WARN]: :>  apart from the versions listed below:
[16:08:25] [main/WARN]: :>  
[16:08:25] [main/WARN]: :>  - BungeeCord: 1.20-R0.2-SNAPSHOT:231024b:1777
[16:08:25] [main/WARN]: :>  - Waterfall: 1.20-R0.2-SNAPSHOT:d85fe36:556
[16:08:25] [main/WARN]: :>  - FlameCord: 1.1.1
[16:08:25] [main/WARN]: :>  
[16:08:25] [main/WARN]: :>  This is not a Bukkit/Spigot plugin!
[16:08:25] [main/WARN]: :>  
[16:08:25] [main/WARN]: :>  Use "-Deaglerxbungee.stfu=true" to hide
[16:08:25] [main/WARN]: :>  
[16:08:25] [main/WARN]: :>:>:>:>:>:>:>:>:>:>:>:>:>:>:>:>:>:>:>:>:>:>:>
[16:08:26] [main/INFO] [EaglercraftXBungee]: Loading vanilla profile: lax1dude
[16:08:27] [Skin Download Thread #1/INFO] [EaglercraftXBungee]: Loaded vanilla profile: lax1dude
[16:08:27] [main/INFO]: Loaded plugin EaglercraftXBungee version 1.0.9 by lax1dude
[16:08:27] [main/WARN]: Forced host server pvp is not defined
[16:08:27] [main/INFO]: Enabled plugin reconnect_yaml version git:reconnect_yaml:1.19-R0.1-SNAPSHOT:f6069e2:513 by WaterfallMC
[16:08:27] [main/INFO]: Enabled plugin cmd_find version git:cmd_find:1.19-R0.1-SNAPSHOT:f6069e2:513 by WaterfallMC
[16:08:27] [main/INFO]: Enabled plugin cmd_server version git:cmd_server:1.19-R0.1-SNAPSHOT:f6069e2:513 by WaterfallMC
[16:08:27] [main/INFO]: Enabled plugin cmd_alert version git:cmd_alert:1.19-R0.1-SNAPSHOT:f6069e2:513 by WaterfallMC
[16:08:27] [main/INFO]: Enabled plugin cmd_send version git:cmd_send:1.19-R0.1-SNAPSHOT:f6069e2:513 by WaterfallMC
[16:08:27] [main/INFO]: Enabled plugin cmd_list version git:cmd_list:1.19-R0.1-SNAPSHOT:f6069e2:513 by WaterfallMC
[16:08:27] [main/ERROR] [EaglercraftXBungee]: Online mode is set to false! Authentication system has been disabled
[16:08:27] [Netty Worker IO Thread #0/INFO] [EaglercraftXBungee]: Eaglercraft is listening on: /0.0.0.0:8081
[16:08:27] [main/INFO] [EaglercraftXBungee]: Connected to database: jdbc:sqlite:eaglercraft_skins_cache.db
[16:08:27] [main/INFO]: Enabled plugin EaglercraftXBungee version 1.0.9 by lax1dude
[16:08:27] [Netty Boss IO Thread #0/INFO]: Listening on /127.0.0.1:25577
[16:08:41] [Netty Worker IO Thread #1/WARN] [EaglercraftXBungee]: Server icon is not a file: /workspaces/EaglercraftX-Server/bungee/server-icon.png
[16:08:42] [Netty Worker IO Thread #2/INFO] [EaglercraftXBungee]: [/[0:0:0:0:0:0:0:1%0]:55958]: Connected via websocket
[16:08:42] [Netty Worker IO Thread #2/INFO] [EaglercraftXBungee]: [/[0:0:0:0:0:0:0:1%0]:55958]: Origin header is http://localhost:8081
[16:08:42] [Netty Worker IO Thread #2/INFO] [EaglercraftXBungee]: [/[0:0:0:0:0:0:0:1%0]:55958]: Logged in as 'Vladimir'
[16:08:42] [Netty Worker IO Thread #2/INFO]: [/[0:0:0:0:0:0:0:1%0]:55958|Vladimir] -> UpstreamBridge has connected
[16:08:43] [Netty Worker IO Thread #2/INFO]: [Vladimir|/[0:0:0:0:0:0:0:1%0]:55958] <-> ServerConnector [lobby] has connected
[16:09:00] [Netty Worker IO Thread #0/INFO] [EaglercraftXBungee]: [/[0:0:0:0:0:0:0:1%0]:59148]: Connected via websocket
[16:09:00] [Netty Worker IO Thread #0/INFO] [EaglercraftXBungee]: [/[0:0:0:0:0:0:0:1%0]:59148]: Origin header is http://localhost:8081
[16:09:00] [Netty Worker IO Thread #0/INFO] [EaglercraftXBungee]: [/[0:0:0:0:0:0:0:1%0]:59148]: Logged in as 'Arrda112'
[16:09:00] [Netty Worker IO Thread #0/INFO]: [/[0:0:0:0:0:0:0:1%0]:59148|Arrda112] -> UpstreamBridge has connected
[16:09:00] [Netty Worker IO Thread #0/INFO]: [Arrda112|/[0:0:0:0:0:0:0:1%0]:59148] <-> ServerConnector [lobby] has connected
[16:12:09] [Netty Worker IO Thread #0/INFO]: [/[0:0:0:0:0:0:0:1%0]:59148|Arrda112] -> UpstreamBridge has disconnected
[16:12:09] [Netty Worker IO Thread #0/INFO]: [Arrda112] disconnected with: Proxy lost connection to server.
[16:12:09] [Netty Worker IO Thread #0/INFO]: [/[0:0:0:0:0:0:0:1%0]:59148|Arrda112] <-> DownstreamBridge <-> [lobby] has disconnected
